<?xml version="1.0" encoding="UTF-8"?>
<testng-results ignored="0" total="2" passed="2" failed="0" skipped="0">
  <reporter-output>
  </reporter-output>
  <suite started-at="2024-01-26T17:47:59 IST" name="Default suite" finished-at="2024-01-26T17:48:33 IST" duration-ms="33704">
    <groups>
      <group name="cucumber">
        <method signature="AbstractTestNGCucumberTests.runScenario(io.cucumber.testng.PickleWrapper,io.cucumber.testng.FeatureWrapper)[pri:0, instance:executions.amazonrunner@7c37508a]" name="runScenario" class="io.cucumber.testng.AbstractTestNGCucumberTests"/>
      </group> <!-- cucumber -->
    </groups>
    <test started-at="2024-01-26T17:47:59 IST" name="Default test" finished-at="2024-01-26T17:48:33 IST" duration-ms="33704">
      <class name="executions.amazonrunner">
        <test-method is-config="true" signature="setUpClass(org.testng.ITestContext)[pri:0, instance:executions.amazonrunner@7c37508a]" started-at="2024-01-26T17:47:59 IST" name="setUpClass" finished-at="2024-01-26T17:48:00 IST" duration-ms="944" status="PASS">
          <params>
            <param index="0">
              <value>
                <![CDATA[org.testng.TestRunner@4f2544b0]]>
              </value>
            </param>
          </params>
          <reporter-output>
          </reporter-output>
        </test-method> <!-- setUpClass -->
        <test-method signature="runScenario(io.cucumber.testng.PickleWrapper,io.cucumber.testng.FeatureWrapper)[pri:0, instance:executions.amazonrunner@7c37508a]" started-at="2024-01-26T17:48:00 IST" name="runScenario" description="Runs Cucumber Scenarios" data-provider="scenarios" finished-at="2024-01-26T17:48:16 IST" duration-ms="16209" status="PASS">
          <params>
            <param index="0">
              <value>
                <![CDATA["verify title of page"]]>
              </value>
            </param>
            <param index="1">
              <value>
                <![CDATA["Home page functionality"]]>
              </value>
            </param>
          </params>
          <reporter-output>
          </reporter-output>
        </test-method> <!-- runScenario -->
        <test-method signature="runScenario(io.cucumber.testng.PickleWrapper,io.cucumber.testng.FeatureWrapper)[pri:0, instance:executions.amazonrunner@7c37508a]" started-at="2024-01-26T17:48:16 IST" name="runScenario" description="Runs Cucumber Scenarios" data-provider="scenarios" finished-at="2024-01-26T17:48:28 IST" duration-ms="11977" status="PASS">
          <params>
            <param index="0">
              <value>
                <![CDATA["verify cart icon"]]>
              </value>
            </param>
            <param index="1">
              <value>
                <![CDATA["Home page functionality"]]>
              </value>
            </param>
          </params>
          <reporter-output>
          </reporter-output>
        </test-method> <!-- runScenario -->
        <test-method is-config="true" signature="tearDownClass()[pri:0, instance:executions.amazonrunner@7c37508a]" started-at="2024-01-26T17:48:28 IST" name="tearDownClass" finished-at="2024-01-26T17:48:33 IST" duration-ms="4539" status="PASS">
          <reporter-output>
          </reporter-output>
        </test-method> <!-- tearDownClass -->
      </class> <!-- executions.amazonrunner -->
    </test> <!-- Default test -->
  </suite> <!-- Default suite -->
</testng-results>
